Entry point: 0x41
addr=00000000 filesz=373 memsz=373
Loading segment 0 addr=0x0 filesz=883 memsz=883
flash
Initial SP: 0x20001000
Reset PC : 0x40
PC: 0: instruction: 1000
PC: 2: instruction: 2000
PC: 4: instruction: 41
PC: 6: instruction: 0
PC: 8: instruction: 9d
PC: 10: instruction: 0
PC: 12: instruction: 9d
PC: 14: instruction: 0
PC: 16: instruction: 0
PC: 18: instruction: 0
PC: 20: instruction: 0
PC: 22: instruction: 0
PC: 24: instruction: 0
PC: 26: instruction: 0
PC: 28: instruction: 0
PC: 30: instruction: 0
PC: 32: instruction: 0
PC: 34: instruction: 0
PC: 36: instruction: 0
PC: 38: instruction: 0
PC: 40: instruction: 0
PC: 42: instruction: 0
PC: 44: instruction: a3
PC: 46: instruction: 0
PC: 48: instruction: 0
PC: 50: instruction: 0
PC: 52: instruction: 0
PC: 54: instruction: 0
PC: 56: instruction: b9
PC: 58: instruction: 0
PC: 60: instruction: bf
PC: 62: instruction: 0
PC: 64: instruction: b580
PC: 66: instruction: b082
PC: 68: instruction: af00
PC: 70: instruction: 4b10
PC: 72: instruction: 607b
PC: 74: instruction: 4b10
PC: 76: instruction: 603b
PC: 78: instruction: e007
PC: 80: instruction: 687a
PC: 82: instruction: 1d13
PC: 84: instruction: 607b
PC: 86: instruction: 683b
PC: 88: instruction: 1d19
PC: 90: instruction: 6039
PC: 92: instruction: 6812
PC: 94: instruction: 601a
PC: 96: instruction: 683a
PC: 98: instruction: 4b0b
PC: 100: instruction: 429a
PC: 102: instruction: d3f3
PC: 104: instruction: 4b0a
PC: 106: instruction: 603b
PC: 108: instruction: e004
PC: 110: instruction: 683b
PC: 112: instruction: 1d1a
PC: 114: instruction: 603a
PC: 116: instruction: 2200
PC: 118: instruction: 601a
PC: 120: instruction: 683a
PC: 122: instruction: 4b07
PC: 124: instruction: 429a
PC: 126: instruction: d3f6
PC: 128: instruction: f000
PC: 130: instruction: f93e
PC: 132: instruction: e7fe
PC: 134: instruction: 46c0
PC: 136: instruction: 373
PC: 138: instruction: 0
PC: 140: instruction: 0
PC: 142: instruction: 2000
PC: 144: instruction: 0
PC: 146: instruction: 2000
PC: 148: instruction: 0
PC: 150: instruction: 2000
PC: 152: instruction: 0
PC: 154: instruction: 2000
PC: 156: instruction: b580
PC: 158: instruction: af00
PC: 160: instruction: e7fe
PC: 162: instruction: b580
PC: 164: instruction: af00
PC: 166: instruction: 2380
PC: 168: instruction: 5db
PC: 170: instruction: 2240
PC: 172: instruction: 601a
PC: 174: instruction: 2380
PC: 176: instruction: 5db
PC: 178: instruction: 2240
PC: 180: instruction: 601a
PC: 182: instruction: e7fe
PC: 184: instruction: b580
PC: 186: instruction: af00
PC: 188: instruction: e7fe
PC: 190: instruction: b580
PC: 192: instruction: af00
PC: 194: instruction: 2380
PC: 196: instruction: 5db
PC: 198: instruction: 2253
PC: 200: instruction: 601a
PC: 202: instruction: 2380
PC: 204: instruction: 5db
PC: 206: instruction: 2259
PC: 208: instruction: 601a
PC: 210: instruction: 2380
PC: 212: instruction: 5db
PC: 214: instruction: 2253
PC: 216: instruction: 601a
PC: 218: instruction: 2380
PC: 220: instruction: 5db
PC: 222: instruction: 220a
PC: 224: instruction: 601a
PC: 226: instruction: e7fe
PC: 228: instruction: b580
PC: 230: instruction: b082
PC: 232: instruction: af00
PC: 234: instruction: 2
PC: 236: instruction: 1dfb
PC: 238: instruction: 701a
PC: 240: instruction: 2380
PC: 242: instruction: 5db
PC: 244: instruction: 1dfa
PC: 246: instruction: 7812
PC: 248: instruction: 601a
PC: 250: instruction: 46c0
PC: 252: instruction: 46bd
PC: 254: instruction: b002
PC: 256: instruction: bd80
PC: 258: instruction: b580
PC: 260: instruction: b082
PC: 262: instruction: af00
PC: 264: instruction: 6078
PC: 266: instruction: e006
PC: 268: instruction: 687b
PC: 270: instruction: 1c5a
PC: 272: instruction: 607a
PC: 274: instruction: 781b
PC: 276: instruction: 18
PC: 278: instruction: f7ff
PC: 280: instruction: ffe5
PC: 282: instruction: 687b
PC: 284: instruction: 781b
PC: 286: instruction: 2b00
PC: 288: instruction: d1f4
PC: 290: instruction: 46c0
PC: 292: instruction: 46c0
PC: 294: instruction: 46bd
PC: 296: instruction: b002
PC: 298: instruction: bd80
PC: 300: instruction: b580
PC: 302: instruction: b086
PC: 304: instruction: af00
PC: 306: instruction: 6078
PC: 308: instruction: 2300
PC: 310: instruction: 617b
PC: 312: instruction: 2300
PC: 314: instruction: 613b
PC: 316: instruction: e027
PC: 318: instruction: 4b18
PC: 320: instruction: 693a
PC: 322: instruction: 92
PC: 324: instruction: 58d3
PC: 326: instruction: 60bb
PC: 328: instruction: 2300
PC: 330: instruction: 60fb
PC: 332: instruction: e006
PC: 334: instruction: 687a
PC: 336: instruction: 68bb
PC: 338: instruction: 1ad3
PC: 340: instruction: 607b
PC: 342: instruction: 68fb
PC: 344: instruction: 3301
PC: 346: instruction: 60fb
PC: 348: instruction: 687a
PC: 350: instruction: 68bb
PC: 352: instruction: 429a
PC: 354: instruction: d2f4
PC: 356: instruction: 68fb
PC: 358: instruction: 2b00
PC: 360: instruction: d105
PC: 362: instruction: 697b
PC: 364: instruction: 2b00
PC: 366: instruction: d102
PC: 368: instruction: 68bb
PC: 370: instruction: 2b01
PC: 372: instruction: d108
PC: 374: instruction: 68fb
PC: 376: instruction: b2db
PC: 378: instruction: 3330
PC: 380: instruction: b2db
PC: 382: instruction: 18
PC: 384: instruction: f7ff
PC: 386: instruction: ffb0
PC: 388: instruction: 2301
PC: 390: instruction: 617b
PC: 392: instruction: 693b
PC: 394: instruction: 3301
PC: 396: instruction: 613b
PC: 398: instruction: 693b
PC: 400: instruction: 2b09
PC: 402: instruction: ddd4
PC: 404: instruction: 46c0
PC: 406: instruction: 46c0
PC: 408: instruction: 46bd
PC: 410: instruction: b006
PC: 412: instruction: bd80
PC: 414: instruction: 46c0
PC: 416: instruction: 344
PC: 418: instruction: 0
PC: 420: instruction: b580
PC: 422: instruction: b084
PC: 424: instruction: af00
PC: 426: instruction: 6078
PC: 428: instruction: 4b15
PC: 430: instruction: 18
PC: 432: instruction: f7ff
PC: 434: instruction: ffa7
PC: 436: instruction: 2307
PC: 438: instruction: 60fb
PC: 440: instruction: e01c
PC: 442: instruction: 68fb
PC: 444: instruction: 9b
PC: 446: instruction: 687a
PC: 448: instruction: 40da
PC: 450: instruction: 13
PC: 452: instruction: 220f
PC: 454: instruction: 4013
PC: 456: instruction: 60bb
PC: 458: instruction: 68bb
PC: 460: instruction: 2b09
PC: 462: instruction: d807
PC: 464: instruction: 68bb
PC: 466: instruction: b2db
PC: 468: instruction: 3330
PC: 470: instruction: b2db
PC: 472: instruction: 18
PC: 474: instruction: f7ff
PC: 476: instruction: ff83
PC: 478: instruction: e006
PC: 480: instruction: 68bb
PC: 482: instruction: b2db
PC: 484: instruction: 3337
PC: 486: instruction: b2db
PC: 488: instruction: 18
PC: 490: instruction: f7ff
PC: 492: instruction: ff7b
PC: 494: instruction: 68fb
PC: 496: instruction: 3b01
PC: 498: instruction: 60fb
PC: 500: instruction: 68fb
PC: 502: instruction: 2b00
PC: 504: instruction: dadf
PC: 506: instruction: 46c0
PC: 508: instruction: 46c0
PC: 510: instruction: 46bd
PC: 512: instruction: b004
PC: 514: instruction: bd80
PC: 516: instruction: 338
PC: 518: instruction: 0
PC: 520: instruction: b40f
PC: 522: instruction: b580
PC: 524: instruction: b086
PC: 526: instruction: af00
PC: 528: instruction: 2324
PC: 530: instruction: 18fb
PC: 532: instruction: 607b
PC: 534: instruction: e057
PC: 536: instruction: 6a3b
PC: 538: instruction: 781b
PC: 540: instruction: 2b25
PC: 542: instruction: d007
PC: 544: instruction: 6a3b
PC: 546: instruction: 1c5a
PC: 548: instruction: 623a
PC: 550: instruction: 781b
PC: 552: instruction: 18
PC: 554: instruction: f7ff
PC: 556: instruction: ff5b
PC: 558: instruction: e04b
PC: 560: instruction: 6a3b
PC: 562: instruction: 3301
PC: 564: instruction: 623b
PC: 566: instruction: 6a3b
PC: 568: instruction: 781b
PC: 570: instruction: 2b78
PC: 572: instruction: d02b
PC: 574: instruction: dc3c
PC: 576: instruction: 2b75
PC: 578: instruction: d01e
PC: 580: instruction: dc39
PC: 582: instruction: 2b73
PC: 584: instruction: d011
PC: 586: instruction: dc36
PC: 588: instruction: 2b25
PC: 590: instruction: d030
PC: 592: instruction: 2b63
PC: 594: instruction: d132
PC: 596: instruction: 687b
PC: 598: instruction: 1d1a
PC: 600: instruction: 607a
PC: 602: instruction: 681a
PC: 604: instruction: 210b
PC: 606: instruction: 187b
PC: 608: instruction: 701a
PC: 610: instruction: 187b
PC: 612: instruction: 781b
PC: 614: instruction: 18
PC: 616: instruction: f7ff
PC: 618: instruction: ff3c
PC: 620: instruction: e029
PC: 622: instruction: 687b
PC: 624: instruction: 1d1a
PC: 626: instruction: 607a
PC: 628: instruction: 681b
PC: 630: instruction: 60fb
PC: 632: instruction: 68fb
PC: 634: instruction: 18
PC: 636: instruction: f7ff
PC: 638: instruction: ff41
PC: 640: instruction: e01f
PC: 642: instruction: 687b
PC: 644: instruction: 1d1a
PC: 646: instruction: 607a
PC: 648: instruction: 681b
PC: 650: instruction: 613b
PC: 652: instruction: 693b
PC: 654: instruction: 18
PC: 656: instruction: f7ff
PC: 658: instruction: ff4c
PC: 660: instruction: e015
PC: 662: instruction: 4b12
PC: 664: instruction: 18
PC: 666: instruction: f7ff
PC: 668: instruction: ff32
PC: 670: instruction: 687b
PC: 672: instruction: 1d1a
PC: 674: instruction: 607a
PC: 676: instruction: 681b
PC: 678: instruction: 617b
PC: 680: instruction: 697b
PC: 682: instruction: 18
PC: 684: instruction: f7ff
PC: 686: instruction: ff7a
PC: 688: instruction: e007
PC: 690: instruction: 2025
PC: 692: instruction: f7ff
PC: 694: instruction: ff16
PC: 696: instruction: e003
PC: 698: instruction: 203f
PC: 700: instruction: f7ff
PC: 702: instruction: ff12
PC: 704: instruction: 46c0
PC: 706: instruction: 6a3b
PC: 708: instruction: 3301
PC: 710: instruction: 623b
PC: 712: instruction: 6a3b
PC: 714: instruction: 781b
PC: 716: instruction: 2b00
PC: 718: instruction: d1a3
PC: 720: instruction: 46c0
PC: 722: instruction: 46c0
PC: 724: instruction: 46bd
PC: 726: instruction: b006
PC: 728: instruction: bc80
PC: 730: instruction: bc08
PC: 732: instruction: b004
PC: 734: instruction: 4718
PC: 736: instruction: 33c
PC: 738: instruction: 0
PC: 740: instruction: b580
PC: 742: instruction: b082
PC: 744: instruction: af00
PC: 746: instruction: 2
PC: 748: instruction: 1dbb
PC: 750: instruction: 801a
PC: 752: instruction: 1dbb
PC: 754: instruction: 881b
PC: 756: instruction: 3301
PC: 758: instruction: b29b
PC: 760: instruction: 18
PC: 762: instruction: 46bd
PC: 764: instruction: b002
PC: 766: instruction: bd80
PC: 768: instruction: b580
PC: 770: instruction: af00
PC: 772: instruction: 200f
PC: 774: instruction: f7ff
PC: 776: instruction: ffed
PC: 778: instruction: 2061
PC: 780: instruction: f7ff
PC: 782: instruction: feea
PC: 784: instruction: 2061
PC: 786: instruction: f7ff
PC: 788: instruction: fee7
PC: 790: instruction: 2061
PC: 792: instruction: f7ff
PC: 794: instruction: fee4
PC: 796: instruction: 2062
PC: 798: instruction: f7ff
PC: 800: instruction: fee1
PC: 802: instruction: 200a
PC: 804: instruction: f7ff
PC: 806: instruction: fede
PC: 808: instruction: 4b02
PC: 810: instruction: 18
PC: 812: instruction: f7ff
PC: 814: instruction: fee9
PC: 816: instruction: e7fe
PC: 818: instruction: 46c0
PC: 820: instruction: 36c
PC: 822: instruction: 0
PC: 824: instruction: 7830
PC: 826: instruction: 0
PC: 828: instruction: 485b
PC: 830: instruction: 5845
PC: 832: instruction: 5d
PC: 834: instruction: 0
PC: 836: instruction: ca00
PC: 838: instruction: 3b9a
PC: 840: instruction: e100
PC: 842: instruction: 5f5
PC: 844: instruction: 9680
PC: 846: instruction: 98
PC: 848: instruction: 4240
PC: 850: instruction: f
PC: 852: instruction: 86a0
PC: 854: instruction: 1
PC: 856: instruction: 2710
PC: 858: instruction: 0
PC: 860: instruction: 3e8
PC: 862: instruction: 0
PC: 864: instruction: 64
PC: 866: instruction: 0
PC: 868: instruction: a
PC: 870: instruction: 0
PC: 872: instruction: 1
PC: 874: instruction: 0
PC: 876: instruction: 6548
PC: 878: instruction: 6c6c
PC: 880: instruction: a6f
PC: 882: instruction: 0
PC: 884: instruction: 0
PC: 886: instruction: 0
PC: 888: instruction: 0
PC: 890: instruction: 0
PC: 892: instruction: 0
PC: 894: instruction: 0
PC: 896: instruction: 0
PC: 898: instruction: 0
PC: 900: instruction: 0
PC: 902: instruction: 0
PC: 904: instruction: 0
PC: 906: instruction: 0
PC: 908: instruction: 0
PC: 910: instruction: 0
PC: 912: instruction: 0
PC: 914: instruction: 0
PC: 916: instruction: 0
PC: 918: instruction: 0
PC: 920: instruction: 0
PC: 922: instruction: 0
PC: 924: instruction: 0
PC: 926: instruction: 0
PC: 928: instruction: 0
PC: 930: instruction: 0
PC: 932: instruction: 0
PC: 934: instruction: 0
PC: 936: instruction: 0
PC: 938: instruction: 0
PC: 940: instruction: 0
PC: 942: instruction: 0
PC: 944: instruction: 0
PC: 946: instruction: 0
PC: 948: instruction: 0
PC: 950: instruction: 0
PC: 952: instruction: 0
PC: 954: instruction: 0
PC: 956: instruction: 0
PC: 958: instruction: 0
PC: 960: instruction: 0
PC: 962: instruction: 0
PC: 964: instruction: 0
PC: 966: instruction: 0
PC: 968: instruction: 0
PC: 970: instruction: 0
PC: 972: instruction: 0
PC: 974: instruction: 0
PC: 976: instruction: 0
PC: 978: instruction: 0
PC: 980: instruction: 0
PC: 982: instruction: 0
PC: 984: instruction: 0
PC: 986: instruction: 0
PC: 988: instruction: 0
PC: 990: instruction: 0
PC: 992: instruction: 0
PC: 994: instruction: 0
PC: 996: instruction: 0
PC: 998: instruction: 0
